[undig.unweb.id/pink-castle/indexf40a.html]
[backblue.gif]
[fade.gif]
[index.html]
[hi.inviee.id/wp-content/plugins/weddingpress/assets/css/modules/bdt-uikit5829.css]
[hi.inviee.id/wp-content/plugins/weddingpress/assets/css/modules/ep-helper5dc4.css]
[undig.unweb.id/wp-includes/css/dist/block-library/style.min4d80.css]
[hi.inviee.id/wp-content/plugins/jet-engine/assets/css/frontend6624.css]
[hi.inviee.id/wp-content/plugins/eltemplate/public/css/eltemplate-public001e.css]
[hi.inviee.id/wp-content/uploads/useanyfont/uaf709a.css]
[hi.inviee.id/wp-content/plugins/weddingsaas-pro/assets/css/wds-elementor1102.css]
[hi.inviee.id/wp-content/plugins/weddingsaas-pro/assets/plugins/custom/commentpress/saic_style1102.css]
[hi.inviee.id/wp-content/plugins/weddingpress/assets/css/exad-styles.min4d80.css]
[hi.inviee.id/wp-content/plugins/weddingpress/assets/css/new-icon.min5dc4.css]
[hi.inviee.id/wp-content/themes/weddingsaas-wp/assets/css/reset3c89.css]
[hi.inviee.id/wp-content/plugins/jetformbuilder/modules/option-field/assets/build/select3d26.css]
[hi.inviee.id/wp-content/plugins/jetformbuilder/modules/option-field/assets/build/checkbox7211.css]
[hi.inviee.id/wp-content/plugins/jetformbuilder/modules/option-field/assets/build/radioffac.css]
[hi.inviee.id/wp-content/plugins/jetformbuilder/modules/advanced-choices/assets/build/main7f2b.css]
[hi.inviee.id/wp-content/plugins/jetformbuilder/modules/wysiwyg/assets/build/wysiwyg2275.css]
[hi.inviee.id/wp-content/plugins/jetformbuilder/modules/switcher/assets/build/switcher720a.css]
[hi.inviee.id/wp-content/plugins/elementor/assets/css/frontend.minfa8f.css]
[hi.inviee.id/wp-content/plugins/elementor/assets/css/widget-image.minfa8f.css]
[hi.inviee.id/wp-content/plugins/elementor/assets/css/widget-heading.minfa8f.css]
[hi.inviee.id/wp-content/plugins/elementor/assets/css/widget-divider.minfa8f.css]
[hi.inviee.id/wp-content/plugins/elementor/assets/css/widget-spacer.minfa8f.css]
[hi.inviee.id/wp-content/plugins/elementor/assets/lib/animations/styles/zoomIn.minfa8f.css]
[hi.inviee.id/wp-content/plugins/elementor/assets/lib/animations/styles/fadeInDown.minfa8f.css]
[hi.inviee.id/wp-content/plugins/elementor-pro/assets/css/widget-lottie.minfa8f.css]
[hi.inviee.id/wp-content/plugins/elementor/assets/lib/animations/styles/slideInLeft.minfa8f.css]
[hi.inviee.id/wp-content/plugins/elementor/assets/lib/animations/styles/fadeInLeft.minfa8f.css]
[hi.inviee.id/wp-content/plugins/elementor/assets/lib/animations/styles/slideInRight.minfa8f.css]
[hi.inviee.id/wp-content/plugins/elementor/assets/lib/animations/styles/fadeIn.minfa8f.css]
[hi.inviee.id/wp-content/plugins/elementor/assets/lib/swiper/v8/css/swiper.min94a4.css]
[hi.inviee.id/wp-content/plugins/elementor/assets/css/conditionals/e-swiper.minfa8f.css]
[hi.inviee.id/wp-content/plugins/elementor/assets/lib/animations/styles/rotateInDownLeft.minfa8f.css]
[hi.inviee.id/wp-content/plugins/elementor/assets/lib/animations/styles/rotateInDownRight.minfa8f.css]
[hi.inviee.id/wp-content/plugins/elementor/assets/css/widget-video.minfa8f.css]
[hi.inviee.id/wp-content/plugins/elementor/assets/lib/animations/styles/fadeInUp.minfa8f.css]
[hi.inviee.id/wp-content/plugins/elementor-pro/assets/css/widget-gallery.minfa8f.css]
[hi.inviee.id/wp-content/plugins/elementor/assets/lib/e-gallery/css/e-gallery.min7359.css]
[hi.inviee.id/wp-content/plugins/elementor-pro/assets/css/conditionals/transitions.minfa8f.css]
[hi.inviee.id/wp-content/plugins/eveent/assets/css/ev-rsvp-stylec2d0.css]
[hi.inviee.id/wp-content/plugins/elementor/assets/lib/font-awesome/css/fontawesome.min52d5.css]
[hi.inviee.id/wp-content/plugins/elementor/assets/lib/font-awesome/css/solid.min52d5.css]
[hi.inviee.id/wp-content/plugins/elementor/assets/lib/font-awesome/css/brands.min52d5.css]
[hi.inviee.id/wp-content/plugins/elementor/assets/lib/font-awesome/css/regular.min52d5.css]
[hi.inviee.id/wp-content/plugins/eveent/assets/css/ewf-barcode-stylec2d0.css]
[hi.inviee.id/wp-content/plugins/elementor/assets/lib/eicons/css/elementor-icons.minf8a2.css]
[hi.inviee.id/wp-content/uploads/elementor/css/post-123526bb.css]
[hi.inviee.id/wp-content/plugins/eltemplate/includes/widgets/css/frontend68b3.css]
[hi.inviee.id/wp-content/plugins/weddingpress/assets/css/wdp5dc4.css]
[hi.inviee.id/wp-content/plugins/weddingpress/assets/css/guest-book5dc4.css]
[hi.inviee.id/wp-content/plugins/elementor/assets/lib/font-awesome/css/all.minfa8f.css]
[hi.inviee.id/wp-content/plugins/elementor/assets/lib/font-awesome/css/v4-shims.minfa8f.css]
[hi.inviee.id/wp-content/uploads/elementor/css/post-7567617f3.css]
[hi.inviee.id/wp-content/uploads/elementor/google-fonts/css/robotod362.css]
[hi.inviee.id/wp-content/uploads/elementor/google-fonts/css/robotoslab0bd0.css]
[hi.inviee.id/wp-content/uploads/elementor/google-fonts/css/tangerinefb45.css]
[hi.inviee.id/wp-content/uploads/elementor/google-fonts/css/poppins628b.css]
[hi.inviee.id/wp-content/uploads/elementor/google-fonts/css/opensans2247.css]
[hi.inviee.id/wp-content/uploads/elementor/google-fonts/css/vidaloka2247.css]
[hi.inviee.id/wp-content/uploads/elementor/google-fonts/css/cormorantinfant263c.css]
[hi.inviee.id/wp-content/uploads/elementor/google-fonts/css/pratad0f6.css]
[undig.unweb.id/wp-includes/js/jquery/jquery.minf43b.js]
[undig.unweb.id/wp-includes/js/jquery/jquery-migrate.min5589.js]
[hi.inviee.id/wp-content/plugins/eltemplate/public/js/eltemplate-public001e.js]
[undig.unweb.id/pink-castle/indexf40a.html]
[undig.unweb.id/pink-castle/index.html]
[hi.inviee.id/wp-content/plugins/weddingpress/assets/css/modules/bdt-uikit5829.css]
[hi.inviee.id/wp-content/plugins/weddingpress/assets/css/modules/ep-helper5dc4.css]
[undig.unweb.id/wp-includes/css/dist/block-library/style.min4d80.css]
[hi.inviee.id/wp-content/plugins/jet-engine/assets/css/frontend6624.css]
[hi.inviee.id/wp-content/plugins/eltemplate/public/css/eltemplate-public001e.css]
[hi.inviee.id/wp-content/plugins/elementor/assets/lib/font-awesome/js/v4-shims.minfa8f.js]
[hi.inviee.id/wp-content/uploads/useanyfont/6864Newyork.woff2]
[hi.inviee.id/wp-content/uploads/useanyfont/6864Newyork.woff]
[hi.inviee.id/wp-content/uploads/useanyfont/6521Edensor-free.woff2]
[hi.inviee.id/wp-content/uploads/useanyfont/6521Edensor-free.woff]
[hi.inviee.id/wp-content/uploads/useanyfont/62Over-thingking.woff2]
[hi.inviee.id/wp-content/uploads/useanyfont/62Over-thingking.woff]
[hi.inviee.id/wp-content/uploads/useanyfont/9471Mogan.woff2]
[hi.inviee.id/wp-content/uploads/useanyfont/9471Mogan.woff]
[hi.inviee.id/wp-content/uploads/useanyfont/7592Vensfolk.woff2]
[hi.inviee.id/wp-content/uploads/useanyfont/7592Vensfolk.woff]
[hi.inviee.id/wp-content/uploads/useanyfont/2096Vogate.woff2]
[hi.inviee.id/wp-content/uploads/useanyfont/2096Vogate.woff]
[hi.inviee.id/wp-content/uploads/useanyfont/9529Delon.woff2]
[hi.inviee.id/wp-content/uploads/useanyfont/9529Delon.woff]
[hi.inviee.id/wp-content/uploads/useanyfont/6699Achava.woff2]
[hi.inviee.id/wp-content/uploads/useanyfont/6699Achava.woff]
[hi.inviee.id/wp-content/uploads/useanyfont/7375Capella.woff2]
[hi.inviee.id/wp-content/uploads/useanyfont/7375Capella.woff]
[hi.inviee.id/wp-content/uploads/useanyfont/767Gadish.woff2]
[hi.inviee.id/wp-content/uploads/useanyfont/767Gadish.woff]
[hi.inviee.id/wp-content/uploads/useanyfont/632History.woff2]
[hi.inviee.id/wp-content/uploads/useanyfont/632History.woff]
[hi.inviee.id/wp-content/uploads/useanyfont/4192Qagetto.woff2]
[hi.inviee.id/wp-content/uploads/useanyfont/4192Qagetto.woff]
[hi.inviee.id/wp-content/uploads/useanyfont/4535Queen-Rogette.woff2]
[hi.inviee.id/wp-content/uploads/useanyfont/4535Queen-Rogette.woff]
[hi.inviee.id/wp-content/uploads/useanyfont/1951ROMLAND.woff2]
[hi.inviee.id/wp-content/uploads/useanyfont/1951ROMLAND.woff]
[hi.inviee.id/wp-content/uploads/useanyfont/3233Starsight.woff2]
[hi.inviee.id/wp-content/uploads/useanyfont/3233Starsight.woff]
[hi.inviee.id/wp-content/uploads/useanyfont/9462Gabyan.woff2]
[hi.inviee.id/wp-content/uploads/useanyfont/9462Gabyan.woff]
[hi.inviee.id/wp-content/uploads/useanyfont/3106Analogue.woff2]
[hi.inviee.id/wp-content/uploads/useanyfont/3106Analogue.woff]
[hi.inviee.id/wp-content/uploads/useanyfont/5760Fugi.woff2]
[hi.inviee.id/wp-content/uploads/useanyfont/5760Fugi.woff]
[hi.inviee.id/wp-content/uploads/useanyfont/3902Ginger.woff2]
[hi.inviee.id/wp-content/uploads/useanyfont/3902Ginger.woff]
[hi.inviee.id/wp-content/uploads/useanyfont/2843Granola.woff2]
[hi.inviee.id/wp-content/uploads/useanyfont/2843Granola.woff]
[hi.inviee.id/wp-content/uploads/useanyfont/4497Grande.woff2]
[hi.inviee.id/wp-content/uploads/useanyfont/4497Grande.woff]
[hi.inviee.id/wp-content/uploads/useanyfont/6436Sugar.woff2]
[hi.inviee.id/wp-content/uploads/useanyfont/6436Sugar.woff]
[hi.inviee.id/wp-content/uploads/useanyfont/571Ginkgo.woff2]
[hi.inviee.id/wp-content/uploads/useanyfont/571Ginkgo.woff]
[hi.inviee.id/wp-content/uploads/useanyfont/3667Calista.woff2]
[hi.inviee.id/wp-content/uploads/useanyfont/3667Calista.woff]
[hi.inviee.id/wp-content/uploads/useanyfont/3203Satisfy.woff2]
[hi.inviee.id/wp-content/uploads/useanyfont/3203Satisfy.woff]
[hi.inviee.id/wp-content/uploads/useanyfont/4990Ginger-Modern.woff2]
[hi.inviee.id/wp-content/uploads/useanyfont/4990Ginger-Modern.woff]
[hi.inviee.id/wp-content/uploads/useanyfont/1625South-Amsterdam.woff2]
[hi.inviee.id/wp-content/uploads/useanyfont/1625South-Amsterdam.woff]
[hi.inviee.id/wp-content/uploads/useanyfont/681Girly-Style.woff2]
[hi.inviee.id/wp-content/uploads/useanyfont/681Girly-Style.woff]
[hi.inviee.id/wp-content/uploads/useanyfont/9179Just-Sunday-Bold.woff2]
[hi.inviee.id/wp-content/uploads/useanyfont/9179Just-Sunday-Bold.woff]
[hi.inviee.id/wp-content/uploads/useanyfont/8131Just-Sunday.woff2]
[hi.inviee.id/wp-content/uploads/useanyfont/8131Just-Sunday.woff]
[hi.inviee.id/wp-content/uploads/useanyfont/9685Gardenisa.woff2]
[hi.inviee.id/wp-content/uploads/useanyfont/9685Gardenisa.woff]
[hi.inviee.id/wp-content/uploads/useanyfont/1233Bartes-Malaga.woff2]
[hi.inviee.id/wp-content/uploads/useanyfont/1233Bartes-Malaga.woff]
[hi.inviee.id/wp-content/uploads/useanyfont/8814Geraldo-Island.woff2]
[hi.inviee.id/wp-content/uploads/useanyfont/8814Geraldo-Island.woff]
[hi.inviee.id/wp-content/uploads/useanyfont/9370Scholastica.woff2]
[hi.inviee.id/wp-content/uploads/useanyfont/9370Scholastica.woff]
[hi.inviee.id/wp-content/uploads/useanyfont/3822Charlotte-Southern.woff2]
[hi.inviee.id/wp-content/uploads/useanyfont/3822Charlotte-Southern.woff]
[hi.inviee.id/wp-content/uploads/useanyfont/702Giava.woff2]
[hi.inviee.id/wp-content/uploads/useanyfont/702Giava.woff]
[hi.inviee.id/wp-content/uploads/useanyfont/4398KUINCA.woff2]
[hi.inviee.id/wp-content/uploads/useanyfont/4398KUINCA.woff]
[hi.inviee.id/wp-content/uploads/useanyfont/1147Migrand.woff2]
[hi.inviee.id/wp-content/uploads/useanyfont/1147Migrand.woff]
[hi.inviee.id/wp-content/uploads/useanyfont/5765Modern-Chengo.woff2]
[hi.inviee.id/wp-content/uploads/useanyfont/5765Modern-Chengo.woff]
[hi.inviee.id/wp-content/uploads/useanyfont/6197Gosten.woff2]
[hi.inviee.id/wp-content/uploads/useanyfont/6197Gosten.woff]
[hi.inviee.id/wp-content/uploads/useanyfont/8560Balmond.woff2]
[hi.inviee.id/wp-content/uploads/useanyfont/8560Balmond.woff]
[hi.inviee.id/wp-content/uploads/useanyfont/8435Balmond-Outline.woff2]
[hi.inviee.id/wp-content/uploads/useanyfont/8435Balmond-Outline.woff]
[hi.inviee.id/wp-content/uploads/useanyfont/9483DELMONE.woff2]
[hi.inviee.id/wp-content/uploads/useanyfont/9483DELMONE.woff]
[hi.inviee.id/wp-content/uploads/useanyfont/7697Milenial.woff2]
[hi.inviee.id/wp-content/uploads/useanyfont/7697Milenial.woff]
[hi.inviee.id/wp-content/uploads/useanyfont/8919ROLATE.woff2]
[hi.inviee.id/wp-content/uploads/useanyfont/uaf709a.css]
[hi.inviee.id/wp-content/plugins/weddingsaas-pro/assets/css/wds-elementor1102.css]
[hi.inviee.id/wp-content/uploads/useanyfont/8919ROLATE.woff]
[hi.inviee.id/wp-content/plugins/weddingsaas-pro/assets/plugins/custom/commentpress/fonts/saicfont7137.eot]
[hi.inviee.id/wp-content/plugins/weddingsaas-pro/assets/plugins/custom/commentpress/fonts/saicfont7137.ttf]
[hi.inviee.id/wp-content/plugins/weddingsaas-pro/assets/plugins/custom/commentpress/fonts/saicfont7137.woff]
[hi.inviee.id/wp-content/plugins/weddingsaas-pro/assets/plugins/custom/commentpress/saic_style1102.css]
[hi.inviee.id/wp-content/plugins/weddingpress/assets/css/exad-styles.min4d80.css]
[hi.inviee.id/wp-content/plugins/weddingpress/assets/css/new-icon.min5dc4.css]
[hi.inviee.id/wp-content/themes/weddingsaas-wp/assets/css/reset3c89.css]
[hi.inviee.id/wp-content/plugins/jetformbuilder/modules/option-field/assets/build/select3d26.css]
[hi.inviee.id/wp-content/plugins/jetformbuilder/modules/option-field/assets/build/checkbox7211.css]
[hi.inviee.id/wp-content/plugins/jetformbuilder/modules/option-field/assets/build/radioffac.css]
[hi.inviee.id/wp-content/plugins/jetformbuilder/modules/advanced-choices/assets/build/main7f2b.css]
[hi.inviee.id/wp-content/plugins/jetformbuilder/modules/wysiwyg/assets/build/wysiwyg2275.css]
[hi.inviee.id/wp-content/plugins/jetformbuilder/modules/switcher/assets/build/switcher720a.css]
[hi.inviee.id/wp-content/plugins/elementor/assets/css/frontend.minfa8f.css]
[hi.inviee.id/wp-content/plugins/elementor/assets/css/widget-image.minfa8f.css]
[hi.inviee.id/wp-content/plugins/elementor/assets/css/widget-heading.minfa8f.css]
[hi.inviee.id/wp-content/plugins/elementor/assets/css/widget-divider.minfa8f.css]
[hi.inviee.id/wp-content/plugins/elementor/assets/css/widget-spacer.minfa8f.css]
[hi.inviee.id/wp-content/plugins/elementor/assets/lib/animations/styles/zoomIn.minfa8f.css]
[hi.inviee.id/wp-content/plugins/elementor/assets/lib/animations/styles/fadeInDown.minfa8f.css]
[hi.inviee.id/wp-content/plugins/elementor-pro/assets/css/widget-lottie.minfa8f.css]
[hi.inviee.id/wp-content/plugins/elementor/assets/lib/animations/styles/slideInLeft.minfa8f.css]
[hi.inviee.id/wp-content/plugins/elementor/assets/lib/animations/styles/fadeInLeft.minfa8f.css]
[hi.inviee.id/wp-content/plugins/elementor/assets/lib/animations/styles/slideInRight.minfa8f.css]
[hi.inviee.id/wp-content/plugins/elementor/assets/lib/animations/styles/fadeIn.minfa8f.css]
[hi.inviee.id/wp-content/plugins/elementor/assets/lib/swiper/v8/css/swiper.min94a4.css]
[hi.inviee.id/wp-content/plugins/elementor/assets/css/conditionals/e-swiper.minfa8f.css]
[hi.inviee.id/wp-content/plugins/elementor/assets/lib/animations/styles/rotateInDownLeft.minfa8f.css]
[hi.inviee.id/wp-content/plugins/elementor/assets/lib/animations/styles/rotateInDownRight.minfa8f.css]
[hi.inviee.id/wp-content/plugins/elementor/assets/css/widget-video.minfa8f.css]
[hi.inviee.id/wp-content/plugins/elementor/assets/lib/animations/styles/fadeInUp.minfa8f.css]
[hi.inviee.id/wp-content/plugins/elementor-pro/assets/css/widget-gallery.minfa8f.css]
[hi.inviee.id/wp-content/plugins/elementor/assets/lib/e-gallery/css/e-gallery.min7359.css]
[hi.inviee.id/wp-content/plugins/elementor-pro/assets/css/conditionals/transitions.minfa8f.css]
[hi.inviee.id/wp-content/plugins/eveent/assets/css/ev-rsvp-stylec2d0.css]
[hi.inviee.id/wp-content/plugins/elementor/assets/lib/font-awesome/css/fontawesome.min52d5.css]
[hi.inviee.id/wp-content/plugins/elementor/assets/lib/font-awesome/css/solid.min52d5.css]
[hi.inviee.id/wp-content/plugins/elementor/assets/lib/font-awesome/css/brands.min52d5.css]
[hi.inviee.id/wp-content/plugins/elementor/assets/lib/font-awesome/css/regular.min52d5.css]
[hi.inviee.id/wp-content/plugins/eveent/assets/css/ewf-barcode-stylec2d0.css]
[hi.inviee.id/wp-content/plugins/elementor/assets/lib/eicons/css/elementor-icons.minf8a2.css]
[hi.inviee.id/wp-content/uploads/elementor/css/post-123526bb.css]
[hi.inviee.id/wp-content/plugins/eltemplate/includes/widgets/css/frontend68b3.css]
[hi.inviee.id/wp-content/plugins/weddingpress/assets/css/wdp5dc4.css]
[hi.inviee.id/wp-content/plugins/weddingpress/assets/css/guest-book5dc4.css]
[hi.inviee.id/wp-content/plugins/elementor/assets/lib/font-awesome/css/all.minfa8f.css]
[hi.inviee.id/wp-content/plugins/elementor/assets/lib/font-awesome/css/v4-shims.minfa8f.css]
[hi.inviee.id/wp-content/uploads/elementor/css/post-7567617f3.css]
[hi.inviee.id/wp-content/plugins/weddingsaas-pro/assets/plugins/custom/commentpress/fonts/saicfont7137.svg]
[hi.inviee.id/wp-content/uploads/elementor/google-fonts/css/robotod362.css]
[hi.inviee.id/wp-content/uploads/elementor/google-fonts/css/robotoslab0bd0.css]
[hi.inviee.id/wp-content/uploads/elementor/google-fonts/css/tangerinefb45.css]
[hi.inviee.id/wp-content/uploads/elementor/google-fonts/css/poppins628b.css]
[hi.inviee.id/wp-content/uploads/elementor/google-fonts/css/opensans2247.css]
[hi.inviee.id/wp-content/uploads/elementor/google-fonts/css/vidaloka2247.css]
[hi.inviee.id/wp-content/uploads/elementor/google-fonts/css/cormorantinfant263c.css]
[hi.inviee.id/wp-content/uploads/elementor/google-fonts/css/pratad0f6.css]
[hi.inviee.id/wp-content/plugins/weddingsaas-pro/assets/plugins/custom/commentpress/fonts/saicfont7137.svg]
